2020-09-30 18:04:43,754 WARN  [SoapUI] Missing folder [C:\Users\SunithaSulake\Desktop\WeServicesProject-Harikrishna\my-app\ext] for external libraries
2020-09-30 18:04:44,048 INFO  [DefaultSoapUICore] initialized soapui-settings from [C:\Users\SunithaSulake\soapui-settings.xml]
2020-09-30 18:04:46,147 INFO  [WsdlProject] Loaded project from [file:/C:/Users/SunithaSulake/Desktop/WeServicesProject-Harikrishna/my-app/REST-Project-HariKrishna-soapui-project.xml]
2020-09-30 18:04:46,920 INFO  [SoapUITestCaseRunner] Running SoapUI tests in project [REST Project-HariKrishna]
2020-09-30 18:04:46,922 INFO  [SoapUITestCaseRunner] Running Project [REST Project-HariKrishna], runType = SEQUENTIAL
2020-09-30 18:04:46,969 INFO  [SoapUITestCaseRunner] Running SoapUI testcase [EndtoEndFlow]
2020-09-30 18:04:46,984 INFO  [SoapUITestCaseRunner] running step [GetAccessToken]
2020-09-30 18:04:48,753 INFO  [log] 200
2020-09-30 18:04:48,768 INFO  [SoapUITestCaseRunner] Assertion [Script Assertion] has status VALID
2020-09-30 18:04:48,775 INFO  [SoapUITestCaseRunner] running step [AdminLogin]
2020-09-30 18:04:49,189 INFO  [log] upskills_admin
2020-09-30 18:04:49,194 INFO  [log] 200
2020-09-30 18:04:49,199 INFO  [SoapUITestCaseRunner] Assertion [Script Assertion] has status VALID
2020-09-30 18:04:49,202 INFO  [SoapUITestCaseRunner] running step [GetAdminDetails]
2020-09-30 18:04:49,619 INFO  [log] upskills_admin
2020-09-30 18:04:49,620 INFO  [log] 200
2020-09-30 18:04:49,624 INFO  [SoapUITestCaseRunner] Assertion [Script Assertion] has status VALID
2020-09-30 18:04:49,629 INFO  [SoapUITestCaseRunner] running step [ProductsList]
2020-09-30 18:04:50,015 ERROR [SoapUI] An error occurred [NCNames cannot be empty], see error log for details
2020-09-30 18:04:50,025 ERROR [errorlog] nu.xom.IllegalNameException: NCNames cannot be empty
nu.xom.IllegalNameException: NCNames cannot be empty
	at nu.xom.Verifier.throwIllegalNameException(Verifier.java:147)
	at nu.xom.Verifier.checkNCName(Verifier.java:121)
	at nu.xom.Element._setLocalName(Element.java:832)
	at nu.xom.Element.<init>(Element.java:112)
	at nu.xom.Element.<init>(Element.java:76)
	at com.eviware.soapui.impl.rest.support.handlers.JsonXmlSerializer$CustomElement.<init>(JsonXmlSerializer.java:1744)
	at com.eviware.soapui.impl.rest.support.handlers.JsonXmlSerializer.newElement(JsonXmlSerializer.java:1090)
	at com.eviware.soapui.impl.rest.support.handlers.JsonXmlSerializer.processJSONObject(JsonXmlSerializer.java:1255)
	at com.eviware.soapui.impl.rest.support.handlers.JsonXmlSerializer.processJSONValue(JsonXmlSerializer.java:1325)
	at com.eviware.soapui.impl.rest.support.handlers.JsonXmlSerializer.processJSONObject(JsonXmlSerializer.java:1256)
	at com.eviware.soapui.impl.rest.support.handlers.JsonXmlSerializer.processJSONValue(JsonXmlSerializer.java:1325)
	at com.eviware.soapui.impl.rest.support.handlers.JsonXmlSerializer.processJSONObject(JsonXmlSerializer.java:1256)
	at com.eviware.soapui.impl.rest.support.handlers.JsonXmlSerializer.processJSONValue(JsonXmlSerializer.java:1325)
	at com.eviware.soapui.impl.rest.support.handlers.JsonXmlSerializer.processJSONArray(JsonXmlSerializer.java:1143)
	at com.eviware.soapui.impl.rest.support.handlers.JsonXmlSerializer.processJSONValue(JsonXmlSerializer.java:1317)
	at com.eviware.soapui.impl.rest.support.handlers.JsonXmlSerializer.processJSONObject(JsonXmlSerializer.java:1256)
	at com.eviware.soapui.impl.rest.support.handlers.JsonXmlSerializer.write(JsonXmlSerializer.java:735)
	at com.eviware.soapui.impl.rest.support.handlers.JsonXmlSerializer.write(JsonXmlSerializer.java:690)
	at com.eviware.soapui.impl.rest.support.handlers.JsonMediaTypeHandler.createXmlRepresentation(JsonMediaTypeHandler.java:69)
	at com.eviware.soapui.impl.wsdl.submit.transports.http.BaseHttpResponse.getContentAsXml(BaseHttpResponse.java:462)
	at com.eviware.soapui.impl.wsdl.teststeps.RestTestRequestStep.propertyChange(RestTestRequestStep.java:485)
	at java.beans.PropertyChangeSupport.fire(PropertyChangeSupport.java:335)
	at java.beans.PropertyChangeSupport.firePropertyChange(PropertyChangeSupport.java:327)
	at java.beans.PropertyChangeSupport.firePropertyChange(PropertyChangeSupport.java:263)
	at com.eviware.soapui.model.support.AbstractModelItem.notifyPropertyChanged(AbstractModelItem.java:90)
	at com.eviware.soapui.impl.support.AbstractHttpRequest.setResponse(AbstractHttpRequest.java:896)
	at com.eviware.soapui.impl.wsdl.teststeps.RestTestRequest.setResponse(RestTestRequest.java:140)
	at com.eviware.soapui.impl.wsdl.teststeps.RestTestRequestStep.run(RestTestRequestStep.java:927)
	at com.eviware.soapui.impl.wsdl.support.AbstractTestCaseRunner.runTestStep(AbstractTestCaseRunner.java:239)
	at com.eviware.soapui.impl.wsdl.testcase.WsdlTestCaseRunner.runCurrentTestStep(WsdlTestCaseRunner.java:52)
	at com.eviware.soapui.impl.wsdl.support.AbstractTestCaseRunner.internalRun(AbstractTestCaseRunner.java:152)
	at com.eviware.soapui.impl.wsdl.support.AbstractTestCaseRunner.internalRun(AbstractTestCaseRunner.java:47)
	at com.eviware.soapui.impl.wsdl.support.AbstractTestRunner.run(AbstractTestRunner.java:139)
	at java.util.concurrent.Executors$RunnableAdapter.call(Executors.java:511)
	at java.util.concurrent.FutureTask.run(FutureTask.java:266)
	at java.util.concurrent.ThreadPoolExecutor.runWorker(ThreadPoolExecutor.java:1149)
	at java.util.concurrent.ThreadPoolExecutor$Worker.run(ThreadPoolExecutor.java:624)
	at java.lang.Thread.run(Thread.java:748)
2020-09-30 18:04:50,386 INFO  [log] 200
2020-09-30 18:04:50,389 INFO  [log] 2
2020-09-30 18:04:50,394 INFO  [SoapUITestCaseRunner] Assertion [Script Assertion] has status VALID
2020-09-30 18:04:50,396 INFO  [SoapUITestCaseRunner] running step [Logout]
2020-09-30 18:04:51,849 INFO  [SoapUITestCaseRunner] Finished running SoapUI testcase [EndtoEndFlow], time taken: 3378ms, status: FINISHED
2020-09-30 18:04:51,855 INFO  [SoapUITestCaseRunner] Project [REST Project-HariKrishna] finished with status [FINISHED] in 4920ms
